2026-04-26 00:04:15,092 [ERROR] ConfigurationRetriever:142 - IOException on connection: PKIX path building failed: sun.security.provider.certpath.SunCertPathBuilderException: unable to find valid certification path to requested target
2026-04-26 00:04:15,169 [ERROR] ConfigurationRetriever:142 - IOException on connection: PKIX path building failed: sun.security.provider.certpath.SunCertPathBuilderException: unable to find valid certification path to requested target
2026-04-26 00:04:15,229 [ERROR] ConfigurationRetriever:142 - IOException on connection: PKIX path building failed: sun.security.provider.certpath.SunCertPathBuilderException: unable to find valid certification path to requested target
2026-04-26 11:13:50,218 [INFO] Activator:176 - 


2026-04-26 11:13:50,220 [INFO] Activator:177 - !SESSION log4j initialized
2026-04-26 11:14:08,949 [INFO] LogOutputStream:77 - [STDOUT_REDIRECT] 
2026-04-26 11:14:09,404 [ERROR] LogOutputStream:75 - [STDERR_REDIRECT] 
2026-04-26 11:14:12,416 [INFO] LogOutputStream:77 - [STDOUT_REDIRECT] 
2026-04-26 11:14:17,134 [ERROR] ConfigurationRetriever:142 - IOException on connection: PKIX path building failed: sun.security.provider.certpath.SunCertPathBuilderException: unable to find valid certification path to requested target
2026-04-26 11:14:17,178 [ERROR] ConfigurationRetriever:142 - IOException on connection: PKIX path building failed: sun.security.provider.certpath.SunCertPathBuilderException: unable to find valid certification path to requested target
2026-04-26 11:14:17,221 [ERROR] ConfigurationRetriever:142 - IOException on connection: PKIX path building failed: sun.security.provider.certpath.SunCertPathBuilderException: unable to find valid certification path to requested target
2026-04-26 11:14:17,422 [INFO] ApplicationProperties:184 - Using Application install path: /Applications/STM32CubeIDE.app/Contents/Eclipse/plugins/com.st.stm32cube.common.mx_6.15.0.202507011659
2026-04-26 11:14:17,440 [INFO] DbMcusXml:78 - Set database path to: /Applications/STM32CubeIDE.app/Contents/Eclipse/plugins/com.st.stm32cube.common.mx_6.15.0.202507011659//db//mcu/
2026-04-26 11:14:17,440 [INFO] ApiDb:274 - Set plugin database path to: /Applications/STM32CubeIDE.app/Contents/Eclipse/plugins/com.st.stm32cube.common.mx_6.15.0.202507011659//db//plugins/boardmanager/
2026-04-26 11:14:17,440 [WARN] ApiDb:259 - Overriding images path with different value:  => /Applications/STM32CubeIDE.app/Contents/Eclipse/plugins/com.st.stm32cube.common.mx_6.15.0.202507011659//db//plugins/mcufinder/images/
2026-04-26 11:14:17,449 [INFO] ApiDb:250 - Set database path to: /Users/ggpai/.stmcufinder/plugins/mcufinder//mcu/
2026-04-26 11:14:17,450 [INFO] DbMcusAds:125 - Set database path to: /Users/ggpai/.stmcufinder/plugins/mcufinder//mcu/
2026-04-26 11:14:17,452 [INFO] CrossReferenceDbSqlite:203 - Set database path to: /Users/ggpai/.stmcufinder/plugins/mcufinder//mcu/cs/
2026-04-26 11:14:17,641 [INFO] RulesReader:64 - Compatibility file has been processed (317 Rules)
2026-04-26 11:14:17,695 [INFO] DbMcusXml:78 - Set database path to: /Applications/STM32CubeIDE.app/Contents/Eclipse/plugins/com.st.stm32cube.common.mx_6.15.0.202507011659//db//mcu/
2026-04-26 11:14:17,696 [INFO] ApiDb:274 - Set plugin database path to: /Applications/STM32CubeIDE.app/Contents/Eclipse/plugins/com.st.stm32cube.common.mx_6.15.0.202507011659//db//plugins/boardmanager/
2026-04-26 11:14:17,696 [INFO] ApiDb:261 - Set plugin images path to: /Applications/STM32CubeIDE.app/Contents/Eclipse/plugins/com.st.stm32cube.common.mx_6.15.0.202507011659//db//plugins/mcufinder/images/
2026-04-26 11:14:17,696 [WARN] DbFile:41 - Overriding database path with different value: /Users/ggpai/.stmcufinder/plugins/mcufinder/ => /Users/ggpai/.stmcufinder/plugins/mcufinder
2026-04-26 11:14:17,696 [INFO] ApiDb:250 - Set database path to: /Users/ggpai/.stmcufinder/plugins/mcufinder//mcu/
2026-04-26 11:14:17,696 [WARN] DbFile:41 - Overriding database path with different value: /Users/ggpai/.stmcufinder/plugins/mcufinder/ => /Users/ggpai/.stmcufinder/plugins/mcufinder
2026-04-26 11:14:17,696 [INFO] DbMcusAds:125 - Set database path to: /Users/ggpai/.stmcufinder/plugins/mcufinder//mcu/
2026-04-26 11:14:17,696 [WARN] DbFile:41 - Overriding database path with different value: /Users/ggpai/.stmcufinder/plugins/mcufinder/ => /Users/ggpai/.stmcufinder/plugins/mcufinder
2026-04-26 11:14:17,696 [WARN] DbFile:41 - Overriding database path with different value: /Users/ggpai/.stmcufinder/plugins/mcufinder/ => /Users/ggpai/.stmcufinder/plugins/mcufinder
2026-04-26 11:14:17,697 [INFO] CrossReferenceDbSqlite:203 - Set database path to: /Users/ggpai/.stmcufinder/plugins/mcufinder//mcu/cs/
2026-04-26 11:14:17,762 [INFO] MainPanel:274 - HeapMemory: 268435456
2026-04-26 11:14:18,270 [INFO] DbMcusXml:78 - Set database path to: /Applications/STM32CubeIDE.app/Contents/Eclipse/plugins/com.st.stm32cube.common.mx_6.15.0.202507011659//db//mcu/
2026-04-26 11:14:18,270 [INFO] ApiDb:274 - Set plugin database path to: /Applications/STM32CubeIDE.app/Contents/Eclipse/plugins/com.st.stm32cube.common.mx_6.15.0.202507011659//db//plugins/boardmanager/
2026-04-26 11:14:18,270 [INFO] ApiDb:261 - Set plugin images path to: /Applications/STM32CubeIDE.app/Contents/Eclipse/plugins/com.st.stm32cube.common.mx_6.15.0.202507011659//db//plugins/mcufinder/images/
2026-04-26 11:14:18,271 [WARN] DbFile:41 - Overriding database path with different value: /Users/ggpai/.stmcufinder/plugins/mcufinder/ => /Users/ggpai/.stmcufinder/plugins/mcufinder
2026-04-26 11:14:18,271 [INFO] ApiDb:250 - Set database path to: /Users/ggpai/.stmcufinder/plugins/mcufinder//mcu/
2026-04-26 11:14:18,271 [WARN] DbFile:41 - Overriding database path with different value: /Users/ggpai/.stmcufinder/plugins/mcufinder/ => /Users/ggpai/.stmcufinder/plugins/mcufinder
2026-04-26 11:14:18,271 [INFO] DbMcusAds:125 - Set database path to: /Users/ggpai/.stmcufinder/plugins/mcufinder//mcu/
2026-04-26 11:14:18,271 [WARN] DbFile:41 - Overriding database path with different value: /Users/ggpai/.stmcufinder/plugins/mcufinder/ => /Users/ggpai/.stmcufinder/plugins/mcufinder
2026-04-26 11:14:18,271 [WARN] DbFile:41 - Overriding database path with different value: /Users/ggpai/.stmcufinder/plugins/mcufinder/ => /Users/ggpai/.stmcufinder/plugins/mcufinder
2026-04-26 11:14:18,271 [INFO] CrossReferenceDbSqlite:203 - Set database path to: /Users/ggpai/.stmcufinder/plugins/mcufinder//mcu/cs/
2026-04-26 11:14:18,289 [INFO] ApplicationProperties:184 - Using Application install path: /Applications/STM32CubeIDE.app/Contents/Eclipse/plugins/com.st.stm32cube.common.mx_6.15.0.202507011659
2026-04-26 11:14:18,290 [INFO] PluginManage:196 - Search for loadable plugins [exclusion list=, ]
2026-04-26 11:14:18,292 [INFO] PluginManage:310 - Check plugin analytics
2026-04-26 11:14:18,470 [INFO] AnalyticsPlugin:253 - Accepted Software Licenses: STM32CubeMX.6.17.0
2026-04-26 11:14:18,470 [INFO] AnalyticsPlugin:255 - Accepted CMSIS Pack Licenses: 
2026-04-26 11:14:18,471 [INFO] AnalyticsPlugin:257 - Accepted Firmware Licenses: 
2026-04-26 11:14:18,478 [INFO] PluginManage:359 - Loaded plugin analytics (category:tool,tabindex:-1)
2026-04-26 11:14:18,479 [INFO] PluginManage:310 - Check plugin cadmodel
2026-04-26 11:14:18,492 [INFO] CADModel:105 - Init CAD model plugin
2026-04-26 11:14:18,492 [INFO] PluginManage:359 - Loaded plugin cadmodel (category:power,tabindex:5)
2026-04-26 11:14:18,493 [INFO] PluginManage:310 - Check plugin clock
2026-04-26 11:14:18,502 [INFO] PluginManage:359 - Loaded plugin clock (category:base,tabindex:2)
2026-04-26 11:14:18,502 [INFO] PluginManage:310 - Check plugin ddr
2026-04-26 11:14:18,504 [INFO] PluginManage:359 - Loaded plugin ddr (category:tool,tabindex:6)
2026-04-26 11:14:18,504 [INFO] PluginManage:310 - Check plugin filemanager
2026-04-26 11:14:18,533 [ERROR] ConfigurationRetriever:142 - IOException on connection: PKIX path building failed: sun.security.provider.certpath.SunCertPathBuilderException: unable to find valid certification path to requested target
2026-04-26 11:14:18,587 [ERROR] ConfigurationRetriever:142 - IOException on connection: PKIX path building failed: sun.security.provider.certpath.SunCertPathBuilderException: unable to find valid certification path to requested target
2026-04-26 11:14:18,627 [ERROR] ConfigurationRetriever:142 - IOException on connection: PKIX path building failed: sun.security.provider.certpath.SunCertPathBuilderException: unable to find valid certification path to requested target
2026-04-26 11:14:18,655 [INFO] PluginManage:359 - Loaded plugin filemanager (category:base,tabindex:10)
2026-04-26 11:14:18,655 [INFO] PluginManage:310 - Check plugin ipmanager
2026-04-26 11:14:18,662 [INFO] PluginManage:359 - Loaded plugin ipmanager (category:base,tabindex:5)
2026-04-26 11:14:18,663 [INFO] PluginManage:310 - Check plugin lpbam
2026-04-26 11:14:18,672 [INFO] PluginManage:359 - Loaded plugin lpbam (category:base,tabindex:0)
2026-04-26 11:14:18,672 [INFO] PluginManage:310 - Check plugin memorymap
2026-04-26 11:14:18,682 [INFO] PluginManage:359 - Loaded plugin memorymap (category:base,tabindex:4)
2026-04-26 11:14:18,683 [INFO] PluginManage:310 - Check plugin pinoutandconfiguration
2026-04-26 11:14:18,691 [INFO] PluginManage:359 - Loaded plugin pinoutandconfiguration (category:base,tabindex:1)
2026-04-26 11:14:18,691 [INFO] PluginManage:310 - Check plugin pinoutconfig
2026-04-26 11:14:18,774 [WARN] SupportedApi:132 - Cannot load RTOS API schema: s4s-elt-must-match.1: The content of 'definitions' must match (annotation?, (simpleType | complexType)?, (unique | key | keyref)*)). A problem was found starting at: attribute.
2026-04-26 11:14:18,902 [INFO] PluginManage:359 - Loaded plugin pinoutconfig (category:base,tabindex:0)
2026-04-26 11:14:18,903 [INFO] PluginManage:310 - Check plugin power
2026-04-26 11:14:18,912 [INFO] PluginManage:359 - Loaded plugin power (category:power,tabindex:4)
2026-04-26 11:14:18,912 [INFO] PluginManage:310 - Check plugin projectmanager
2026-04-26 11:14:18,940 [INFO] PluginManage:359 - Loaded plugin projectmanager (category:projectmanager,tabindex:4)
2026-04-26 11:14:18,940 [INFO] PluginManage:310 - Check plugin rif
2026-04-26 11:14:18,948 [INFO] PluginManage:359 - Loaded plugin rif (category:base,tabindex:3)
2026-04-26 11:14:18,949 [INFO] PluginManage:310 - Check plugin thirdparty
2026-04-26 11:14:19,106 [INFO] PluginManage:359 - Loaded plugin thirdparty (category:base,tabindex:-1)
2026-04-26 11:14:19,107 [INFO] PluginManage:310 - Check plugin tools
2026-04-26 11:14:19,106 [WARN] IntegrityCheckThread:84 - waiting for thirdparty lock release [integrity check]
2026-04-26 11:14:19,109 [INFO] IntegrityCheckThread:86 - entering critical section [integrity check]
2026-04-26 11:14:19,109 [INFO] PluginManage:359 - Loaded plugin tools (category:base,tabindex:7)
2026-04-26 11:14:19,110 [INFO] ThirdPartyUpdaterWithRetryManager:70 - Updater plugin not ready yet. [1/15]
2026-04-26 11:14:19,110 [INFO] PluginManage:310 - Check plugin tutovideos
2026-04-26 11:14:19,274 [INFO] PluginManage:359 - Loaded plugin tutovideos (category:base,tabindex:-1)
2026-04-26 11:14:19,274 [INFO] PluginManage:310 - Check plugin updater
2026-04-26 11:14:19,301 [INFO] PluginManage:359 - Loaded plugin updater (category:base,tabindex:12)
2026-04-26 11:14:19,301 [INFO] PluginManage:310 - Check plugin userauth
2026-04-26 11:14:19,304 [INFO] UserAuth:118 - Init User Auth plugin
2026-04-26 11:14:19,305 [INFO] PluginManage:359 - Loaded plugin userauth (category:base,tabindex:14)
2026-04-26 11:14:19,306 [INFO] PluginManage:283 - PluginManage : Loaded plugins [18]
2026-04-26 11:14:19,513 [INFO] PinOutPanel:1589 - setPackage(No Configuration,No Configuration)
2026-04-26 11:14:19,581 [INFO] CADModel:165 - CPN selected for project level
2026-04-26 11:14:19,581 [INFO] CADModel:114 - Register for checkConnection events
2026-04-26 11:14:19,593 [INFO] IPUIPlugin:80 - create IPUIPlugin
2026-04-26 11:14:19,594 [INFO] PluginManager:220 - loadIPPluginJar : add mdma
2026-04-26 11:14:19,599 [INFO] IPUIPlugin:80 - create IPUIPlugin
2026-04-26 11:14:19,599 [INFO] PluginManager:220 - loadIPPluginJar : add freertos
2026-04-26 11:14:19,603 [INFO] IPUIPlugin:80 - create IPUIPlugin
2026-04-26 11:14:19,604 [INFO] PluginManager:220 - loadIPPluginJar : add gic
2026-04-26 11:14:19,611 [INFO] IPUIPlugin:80 - create IPUIPlugin
2026-04-26 11:14:19,611 [INFO] PluginManager:220 - loadIPPluginJar : add adc
2026-04-26 11:14:19,613 [INFO] IPUIPlugin:80 - create IPUIPlugin
2026-04-26 11:14:19,614 [INFO] PluginManager:220 - loadIPPluginJar : add gtzc
2026-04-26 11:14:19,615 [INFO] IPUIPlugin:80 - create IPUIPlugin
2026-04-26 11:14:19,615 [INFO] PluginManager:220 - loadIPPluginJar : add quadspi
2026-04-26 11:14:19,616 [INFO] IPUIPlugin:80 - create IPUIPlugin
2026-04-26 11:14:19,616 [INFO] PluginManager:220 - loadIPPluginJar : add aes
2026-04-26 11:14:19,618 [INFO] IPUIPlugin:80 - create IPUIPlugin
2026-04-26 11:14:19,619 [INFO] PluginManager:220 - loadIPPluginJar : add pdm2pcm
2026-04-26 11:14:19,620 [INFO] IPUIPlugin:80 - create IPUIPlugin
2026-04-26 11:14:19,620 [INFO] PluginManager:220 - loadIPPluginJar : add hash
2026-04-26 11:14:19,622 [INFO] IPUIPlugin:80 - create IPUIPlugin
2026-04-26 11:14:19,622 [INFO] PluginManager:220 - loadIPPluginJar : add tim
2026-04-26 11:14:19,624 [INFO] IPUIPlugin:80 - create IPUIPlugin
2026-04-26 11:14:19,624 [INFO] PluginManager:220 - loadIPPluginJar : add tsc
2026-04-26 11:14:19,626 [INFO] IPUIPlugin:80 - create IPUIPlugin
2026-04-26 11:14:19,626 [INFO] PluginManager:220 - loadIPPluginJar : add extmemmanager
2026-04-26 11:14:19,627 [INFO] IPUIPlugin:80 - create IPUIPlugin
2026-04-26 11:14:19,627 [INFO] PluginManager:220 - loadIPPluginJar : add ts
2026-04-26 11:14:19,630 [INFO] IPUIPlugin:80 - create IPUIPlugin
2026-04-26 11:14:19,630 [INFO] PluginManager:220 - loadIPPluginJar : add radio
2026-04-26 11:14:19,632 [INFO] IPUIPlugin:80 - create IPUIPlugin
2026-04-26 11:14:19,632 [INFO] PluginManager:220 - loadIPPluginJar : add can
2026-04-26 11:14:19,633 [INFO] IPUIPlugin:80 - create IPUIPlugin
2026-04-26 11:14:19,633 [INFO] PluginManager:220 - loadIPPluginJar : add dma3
2026-04-26 11:14:19,635 [INFO] IPUIPlugin:80 - create IPUIPlugin
2026-04-26 11:14:19,635 [INFO] PluginManager:220 - loadIPPluginJar : add dfsdm
2026-04-26 11:14:19,636 [INFO] IPUIPlugin:80 - create IPUIPlugin
2026-04-26 11:14:19,636 [INFO] PluginManager:220 - loadIPPluginJar : add spi
2026-04-26 11:14:19,638 [INFO] IPUIPlugin:80 - create IPUIPlugin
2026-04-26 11:14:19,639 [INFO] PluginManager:220 - loadIPPluginJar : add gfxmmu
2026-04-26 11:14:19,640 [INFO] IPUIPlugin:80 - create IPUIPlugin
2026-04-26 11:14:19,640 [INFO] PluginManager:220 - loadIPPluginJar : add genericplugin
2026-04-26 11:14:19,641 [INFO] IPUIPlugin:80 - create IPUIPlugin
2026-04-26 11:14:19,641 [INFO] PluginManager:220 - loadIPPluginJar : add cryp
2026-04-26 11:14:19,644 [INFO] IPUIPlugin:80 - create IPUIPlugin
2026-04-26 11:14:19,644 [INFO] PluginManager:220 - loadIPPluginJar : add gpio
2026-04-26 11:14:19,646 [INFO] IPUIPlugin:80 - create IPUIPlugin
2026-04-26 11:14:19,647 [INFO] PluginManager:220 - loadIPPluginJar : add ddr_ctrl_phy
2026-04-26 11:14:19,649 [INFO] IPUIPlugin:80 - create IPUIPlugin
2026-04-26 11:14:19,649 [INFO] PluginManager:220 - loadIPPluginJar : add comp
2026-04-26 11:14:19,650 [INFO] IPUIPlugin:80 - create IPUIPlugin
2026-04-26 11:14:19,650 [INFO] PluginManager:220 - loadIPPluginJar : add tracer_emb
2026-04-26 11:14:19,651 [INFO] IPUIPlugin:80 - create IPUIPlugin
2026-04-26 11:14:19,651 [INFO] PluginManager:220 - loadIPPluginJar : add openamp
2026-04-26 11:14:19,655 [INFO] IPUIPlugin:80 - create IPUIPlugin
2026-04-26 11:14:19,655 [INFO] PluginManager:220 - loadIPPluginJar : add stm32_wpan
2026-04-26 11:14:19,659 [INFO] IPUIPlugin:80 - create IPUIPlugin
2026-04-26 11:14:19,660 [INFO] PluginManager:220 - loadIPPluginJar : add plateformsettings
2026-04-26 11:14:19,663 [INFO] IPUIPlugin:80 - create IPUIPlugin
2026-04-26 11:14:19,663 [INFO] PluginManager:220 - loadIPPluginJar : add ipddr
2026-04-26 11:14:19,664 [INFO] IPUIPlugin:80 - create IPUIPlugin
2026-04-26 11:14:19,664 [INFO] PluginManager:220 - loadIPPluginJar : add usart
2026-04-26 11:14:19,665 [INFO] IPUIPlugin:80 - create IPUIPlugin
2026-04-26 11:14:19,665 [INFO] PluginManager:220 - loadIPPluginJar : add ltdc
2026-04-26 11:14:19,667 [INFO] IPUIPlugin:80 - create IPUIPlugin
2026-04-26 11:14:19,667 [INFO] PluginManager:220 - loadIPPluginJar : add nvic
2026-04-26 11:14:19,668 [INFO] IPUIPlugin:80 - create IPUIPlugin
2026-04-26 11:14:19,668 [INFO] PluginManager:220 - loadIPPluginJar : add fatfs
2026-04-26 11:14:19,673 [INFO] IPUIPlugin:80 - create IPUIPlugin
2026-04-26 11:14:19,673 [INFO] PluginManager:220 - loadIPPluginJar : add linkedlist
2026-04-26 11:14:19,677 [INFO] IPUIPlugin:80 - create IPUIPlugin
2026-04-26 11:14:19,677 [INFO] PluginManager:220 - loadIPPluginJar : add dma
2026-04-26 11:14:19,680 [INFO] IPUIPlugin:80 - create IPUIPlugin
2026-04-26 11:14:19,680 [INFO] PluginManager:220 - loadIPPluginJar : add fmc
2026-04-26 11:14:19,682 [INFO] IPUIPlugin:80 - create IPUIPlugin
2026-04-26 11:14:19,682 [INFO] PluginManager:220 - loadIPPluginJar : add i2s
2026-04-26 11:14:19,684 [INFO] IPUIPlugin:80 - create IPUIPlugin
2026-04-26 11:14:19,684 [INFO] PluginManager:220 - loadIPPluginJar : add ucpd
2026-04-26 11:14:19,685 [INFO] IPUIPlugin:80 - create IPUIPlugin
2026-04-26 11:14:19,685 [INFO] PluginManager:220 - loadIPPluginJar : add lorawan
2026-04-26 11:14:19,686 [INFO] IPUIPlugin:80 - create IPUIPlugin
2026-04-26 11:14:19,686 [INFO] PluginManager:220 - loadIPPluginJar : add opamp
2026-04-26 11:14:19,688 [INFO] IPUIPlugin:80 - create IPUIPlugin
2026-04-26 11:14:19,688 [INFO] PluginManager:220 - loadIPPluginJar : add i3c
2026-04-26 11:14:19,690 [INFO] IPUIPlugin:80 - create IPUIPlugin
2026-04-26 11:14:19,691 [INFO] PluginManager:220 - loadIPPluginJar : add touchsensing
2026-04-26 11:14:19,693 [INFO] IPUIPlugin:80 - create IPUIPlugin
2026-04-26 11:14:19,693 [INFO] PluginManager:220 - loadIPPluginJar : add i2c
2026-04-26 11:14:19,695 [INFO] IPUIPlugin:80 - create IPUIPlugin
2026-04-26 11:14:19,695 [INFO] PluginManager:220 - loadIPPluginJar : add resmgrutility
2026-04-26 11:14:19,697 [INFO] IPUIPlugin:80 - create IPUIPlugin
2026-04-26 11:14:19,697 [INFO] PluginManager:220 - loadIPPluginJar : add sai
2026-04-26 11:14:19,699 [INFO] IPUIPlugin:80 - create IPUIPlugin
2026-04-26 11:14:19,699 [INFO] PluginManager:220 - loadIPPluginJar : add usbx
2026-04-26 11:14:19,820 [FATAL] Updater:351 - Updater called before beeing initialized
2026-04-26 11:14:19,863 [INFO] RulesReader:64 - Compatibility file has been processed (317 Rules)
2026-04-26 11:14:19,880 [INFO] RulesReader:64 - Compatibility file has been processed (317 Rules)
2026-04-26 11:14:19,886 [INFO] CADModel:165 - CPN selected for project level
2026-04-26 11:14:19,887 [INFO] CADModel:114 - Register for checkConnection events
2026-04-26 11:14:19,887 [FATAL] Updater:351 - Updater called before beeing initialized
2026-04-26 11:14:19,887 [ERROR] CADModel:125 - Updater not yet initialized, retry later 
2026-04-26 11:14:20,092 [FATAL] Updater:351 - Updater called before beeing initialized
2026-04-26 11:14:20,093 [INFO] CADModel:165 - CPN selected for project level
2026-04-26 11:14:20,093 [INFO] CADModel:114 - Register for checkConnection events
2026-04-26 11:14:20,093 [FATAL] Updater:351 - Updater called before beeing initialized
2026-04-26 11:14:20,093 [ERROR] CADModel:125 - Updater not yet initialized, retry later 
2026-04-26 11:14:20,098 [FATAL] Updater:351 - Updater called before beeing initialized
2026-04-26 11:14:20,256 [FATAL] Updater:351 - Updater called before beeing initialized
2026-04-26 11:14:20,261 [INFO] DbMcusAds:53 - JSON generation date=Thu Sep 30 12:25:09 IST 2021 (1632984909247)
2026-04-26 11:14:20,261 [FATAL] Updater:351 - Updater called before beeing initialized
2026-04-26 11:14:20,316 [WARN] DetailPanel:346 - Failed to get advertising image, set to default
2026-04-26 11:14:20,384 [FATAL] Updater:351 - Updater called before beeing initialized
2026-04-26 11:14:20,385 [FATAL] Updater:351 - Updater called before beeing initialized
2026-04-26 11:14:20,385 [FATAL] Updater:351 - Updater called before beeing initialized
2026-04-26 11:14:20,385 [WARN] DetailPanel:346 - Failed to get advertising image, set to default
2026-04-26 11:14:20,387 [FATAL] Updater:351 - Updater called before beeing initialized
2026-04-26 11:14:20,434 [ERROR] Updater:1198 - MainUpdater not yet initialized. External WinMGr cannot be set.
2026-04-26 11:14:20,437 [INFO] Updater:1134 - Updater Version found : 6.15.0
2026-04-26 11:14:20,451 [INFO] ApplicationProperties:184 - Using Application install path: /Applications/STM32CubeIDE.app/Contents/Eclipse/plugins/com.st.stm32cube.common.mx_6.15.0.202507011659
2026-04-26 11:14:20,733 [INFO] MainUpdater:2872 - connection check result : 22
2026-04-26 11:14:20,734 [INFO] MainUpdater:289 - Updater Check For Update Now.
2026-04-26 11:14:20,734 [INFO] MicroXplorer:498 - Change Database Version : DB.6.0.150
2026-04-26 11:14:20,740 [INFO] McuFinderGlobals:63 - Set McuFinder mode to 2 (CubeIDE integrated)
2026-04-26 11:14:20,740 [INFO] UserAuth:171 - activating auth plugin
2026-04-26 11:14:20,750 [INFO] UserAuth:487 - Internet connection configuration mode: 2
2026-04-26 11:14:20,786 [INFO] UserAuth:487 - Internet connection configuration mode: 2
2026-04-26 11:14:21,009 [INFO] CheckServerUpdateThread:120 - End of CheckServer Thread
2026-04-26 11:14:22,224 [INFO] ThirdParty:978 - Integrity check success = true
2026-04-26 11:14:22,224 [INFO] IntegrityCheckThread:100 - exiting critical section [integrity check]
2026-04-26 11:14:22,224 [INFO] IntegrityCheckThread:103 - End integrity checks thread
2026-04-26 11:29:32,284 [ERROR] ConfigurationRetriever:142 - IOException on connection: PKIX path building failed: sun.security.provider.certpath.SunCertPathBuilderException: unable to find valid certification path to requested target
2026-04-26 11:29:32,338 [ERROR] ConfigurationRetriever:142 - IOException on connection: PKIX path building failed: sun.security.provider.certpath.SunCertPathBuilderException: unable to find valid certification path to requested target
2026-04-26 11:29:32,379 [ERROR] ConfigurationRetriever:142 - IOException on connection: PKIX path building failed: sun.security.provider.certpath.SunCertPathBuilderException: unable to find valid certification path to requested target
2026-04-26 11:37:21,981 [ERROR] ConfigurationRetriever:142 - IOException on connection: PKIX path building failed: sun.security.provider.certpath.SunCertPathBuilderException: unable to find valid certification path to requested target
2026-04-26 11:37:22,126 [ERROR] ConfigurationRetriever:142 - IOException on connection: PKIX path building failed: sun.security.provider.certpath.SunCertPathBuilderException: unable to find valid certification path to requested target
2026-04-26 11:37:22,180 [ERROR] ConfigurationRetriever:142 - IOException on connection: PKIX path building failed: sun.security.provider.certpath.SunCertPathBuilderException: unable to find valid certification path to requested target
2026-04-26 11:57:14,783 [ERROR] ConfigurationRetriever:142 - IOException on connection: PKIX path building failed: sun.security.provider.certpath.SunCertPathBuilderException: unable to find valid certification path to requested target
2026-04-26 11:57:14,870 [ERROR] ConfigurationRetriever:142 - IOException on connection: PKIX path building failed: sun.security.provider.certpath.SunCertPathBuilderException: unable to find valid certification path to requested target
2026-04-26 11:57:14,945 [ERROR] ConfigurationRetriever:142 - IOException on connection: PKIX path building failed: sun.security.provider.certpath.SunCertPathBuilderException: unable to find valid certification path to requested target
2026-04-26 12:01:31,889 [ERROR] ConfigurationRetriever:142 - IOException on connection: PKIX path building failed: sun.security.provider.certpath.SunCertPathBuilderException: unable to find valid certification path to requested target
2026-04-26 12:01:32,057 [ERROR] ConfigurationRetriever:142 - IOException on connection: PKIX path building failed: sun.security.provider.certpath.SunCertPathBuilderException: unable to find valid certification path to requested target
2026-04-26 12:01:32,127 [ERROR] ConfigurationRetriever:142 - IOException on connection: PKIX path building failed: sun.security.provider.certpath.SunCertPathBuilderException: unable to find valid certification path to requested target
